<?xml version="1.0" encoding="UTF-8"?>
<Site BuildName="(empty)"
	BuildStamp="20250610-2054-Experimental"
	Name="robolab-vm"
	Generator="ctest-3.22.1"
	CompilerName="/usr/bin/c++"
	CompilerVersion="11.4.0"
	OSName="Linux"
	Hostname="robolab-vm"
	OSRelease="6.8.0-60-generic"
	OSVersion="#63~22.04.1-Ubuntu SMP PREEMPT_DYNAMIC Tue Apr 22 19:00:15 UTC 2"
	OSPlatform="x86_64"
	Is64Bits="1"
	VendorString="AuthenticAMD"
	VendorID="Advanced Micro Devices"
	FamilyID="25"
	ModelID="80"
	ProcessorCacheSize="512"
	NumberOfLogicalCPU="2"
	NumberOfPhysicalCPU="2"
	TotalVirtualMemory="2047"
	TotalPhysicalMemory="7894"
	LogicalProcessorsPerPhysical="1"
	ProcessorClockFrequency="1996.19"
	>
	<Testing>
		<StartDateTime>Jun 10 14:54 CST</StartDateTime>
		<StartTestTime>1749588878</StartTestTime>
		<TestList>
			<Test>./copyright</Test>
			<Test>./cppcheck</Test>
			<Test>./cpplint</Test>
			<Test>./lint_cmake</Test>
			<Test>./uncrustify</Test>
			<Test>./xmllint</Test>
		</TestList>
		<Test Status="passed">
			<Name>copyright</Name>
			<Path>.</Path>
			<FullName>./copyright</FullName>
			<FullCommandLine>/home/robousr/.pyenv/shims/python3 "-u" "/opt/ros/humble/share/ament_cmake_test/cmake/run_test.py" "/home/robousr/Documents/Practicas_ROS2/ros2_ws/build/examples_rclcpp_minimal_timer/test_results/examples_rclcpp_minimal_timer/copyright.xunit.xml" "--package-name" "examples_rclcpp_minimal_timer" "--output-file" "/home/robousr/Documents/Practicas_ROS2/ros2_ws/build/examples_rclcpp_minimal_timer/ament_copyright/copyright.txt" "--command" "/opt/ros/humble/bin/ament_copyright" "--xunit-file" "/home/robousr/Documents/Practicas_ROS2/ros2_ws/build/examples_rclcpp_minimal_timer/test_results/examples_rclcpp_minimal_timer/copyright.xunit.xml"</FullCommandLine>
			<Results>
				<NamedMeasurement type="numeric/double" name="Execution Time">
					<Value>0.47121</Value>
				</NamedMeasurement>
				<NamedMeasurement type="numeric/double" name="Processors">
					<Value>1</Value>
				</NamedMeasurement>
				<NamedMeasurement type="text/string" name="Completion Status">
					<Value>Completed</Value>
				</NamedMeasurement>
				<NamedMeasurement type="text/string" name="Command Line">
					<Value>/home/robousr/.pyenv/shims/python3 "-u" "/opt/ros/humble/share/ament_cmake_test/cmake/run_test.py" "/home/robousr/Documents/Practicas_ROS2/ros2_ws/build/examples_rclcpp_minimal_timer/test_results/examples_rclcpp_minimal_timer/copyright.xunit.xml" "--package-name" "examples_rclcpp_minimal_timer" "--output-file" "/home/robousr/Documents/Practicas_ROS2/ros2_ws/build/examples_rclcpp_minimal_timer/ament_copyright/copyright.txt" "--command" "/opt/ros/humble/bin/ament_copyright" "--xunit-file" "/home/robousr/Documents/Practicas_ROS2/ros2_ws/build/examples_rclcpp_minimal_timer/test_results/examples_rclcpp_minimal_timer/copyright.xunit.xml"</Value>
				</NamedMeasurement>
				<NamedMeasurement type="text/string" name="Environment">
					<Value>#CTEST_RESOURCE_GROUP_COUNT=</Value>
				</NamedMeasurement>
				<Measurement>
					<Value>-- run_test.py: invoking following command in '/home/robousr/Documents/Practicas_ROS2/ros2_ws/src/examples/rclcpp/timers/minimal_timer':
 - /opt/ros/humble/bin/ament_copyright --xunit-file /home/robousr/Documents/Practicas_ROS2/ros2_ws/build/examples_rclcpp_minimal_timer/test_results/examples_rclcpp_minimal_timer/copyright.xunit.xml
No problems found, checked 2 files
-- run_test.py: return code 0
-- run_test.py: verify result file '/home/robousr/Documents/Practicas_ROS2/ros2_ws/build/examples_rclcpp_minimal_timer/test_results/examples_rclcpp_minimal_timer/copyright.xunit.xml'
</Value>
				</Measurement>
			</Results>
			<Labels>
				<Label>copyright</Label>
				<Label>linter</Label>
			</Labels>
		</Test>
		<Test Status="passed">
			<Name>cppcheck</Name>
			<Path>.</Path>
			<FullName>./cppcheck</FullName>
			<FullCommandLine>/home/robousr/.pyenv/shims/python3 "-u" "/opt/ros/humble/share/ament_cmake_test/cmake/run_test.py" "/home/robousr/Documents/Practicas_ROS2/ros2_ws/build/examples_rclcpp_minimal_timer/test_results/examples_rclcpp_minimal_timer/cppcheck.xunit.xml" "--package-name" "examples_rclcpp_minimal_timer" "--output-file" "/home/robousr/Documents/Practicas_ROS2/ros2_ws/build/examples_rclcpp_minimal_timer/ament_cppcheck/cppcheck.txt" "--command" "/opt/ros/humble/bin/ament_cppcheck" "--xunit-file" "/home/robousr/Documents/Practicas_ROS2/ros2_ws/build/examples_rclcpp_minimal_timer/test_results/examples_rclcpp_minimal_timer/cppcheck.xunit.xml"</FullCommandLine>
			<Results>
				<NamedMeasurement type="numeric/double" name="Execution Time">
					<Value>0.261641</Value>
				</NamedMeasurement>
				<NamedMeasurement type="numeric/double" name="Processors">
					<Value>1</Value>
				</NamedMeasurement>
				<NamedMeasurement type="text/string" name="Completion Status">
					<Value>Completed</Value>
				</NamedMeasurement>
				<NamedMeasurement type="text/string" name="Command Line">
					<Value>/home/robousr/.pyenv/shims/python3 "-u" "/opt/ros/humble/share/ament_cmake_test/cmake/run_test.py" "/home/robousr/Documents/Practicas_ROS2/ros2_ws/build/examples_rclcpp_minimal_timer/test_results/examples_rclcpp_minimal_timer/cppcheck.xunit.xml" "--package-name" "examples_rclcpp_minimal_timer" "--output-file" "/home/robousr/Documents/Practicas_ROS2/ros2_ws/build/examples_rclcpp_minimal_timer/ament_cppcheck/cppcheck.txt" "--command" "/opt/ros/humble/bin/ament_cppcheck" "--xunit-file" "/home/robousr/Documents/Practicas_ROS2/ros2_ws/build/examples_rclcpp_minimal_timer/test_results/examples_rclcpp_minimal_timer/cppcheck.xunit.xml"</Value>
				</NamedMeasurement>
				<NamedMeasurement type="text/string" name="Environment">
					<Value>#CTEST_RESOURCE_GROUP_COUNT=</Value>
				</NamedMeasurement>
				<Measurement>
					<Value>-- run_test.py: invoking following command in '/home/robousr/Documents/Practicas_ROS2/ros2_ws/src/examples/rclcpp/timers/minimal_timer':
 - /opt/ros/humble/bin/ament_cppcheck --xunit-file /home/robousr/Documents/Practicas_ROS2/ros2_ws/build/examples_rclcpp_minimal_timer/test_results/examples_rclcpp_minimal_timer/cppcheck.xunit.xml
cppcheck 2.7 has known performance issues and therefore will not be used, set the AMENT_CPPCHECK_ALLOW_SLOW_VERSIONS environment variable to override this.
-- run_test.py: return code 0
-- run_test.py: verify result file '/home/robousr/Documents/Practicas_ROS2/ros2_ws/build/examples_rclcpp_minimal_timer/test_results/examples_rclcpp_minimal_timer/cppcheck.xunit.xml'
</Value>
				</Measurement>
			</Results>
			<Labels>
				<Label>cppcheck</Label>
				<Label>linter</Label>
			</Labels>
		</Test>
		<Test Status="passed">
			<Name>cpplint</Name>
			<Path>.</Path>
			<FullName>./cpplint</FullName>
			<FullCommandLine>/home/robousr/.pyenv/shims/python3 "-u" "/opt/ros/humble/share/ament_cmake_test/cmake/run_test.py" "/home/robousr/Documents/Practicas_ROS2/ros2_ws/build/examples_rclcpp_minimal_timer/test_results/examples_rclcpp_minimal_timer/cpplint.xunit.xml" "--package-name" "examples_rclcpp_minimal_timer" "--output-file" "/home/robousr/Documents/Practicas_ROS2/ros2_ws/build/examples_rclcpp_minimal_timer/ament_cpplint/cpplint.txt" "--command" "/opt/ros/humble/bin/ament_cpplint" "--xunit-file" "/home/robousr/Documents/Practicas_ROS2/ros2_ws/build/examples_rclcpp_minimal_timer/test_results/examples_rclcpp_minimal_timer/cpplint.xunit.xml"</FullCommandLine>
			<Results>
				<NamedMeasurement type="numeric/double" name="Execution Time">
					<Value>0.280592</Value>
				</NamedMeasurement>
				<NamedMeasurement type="numeric/double" name="Processors">
					<Value>1</Value>
				</NamedMeasurement>
				<NamedMeasurement type="text/string" name="Completion Status">
					<Value>Completed</Value>
				</NamedMeasurement>
				<NamedMeasurement type="text/string" name="Command Line">
					<Value>/home/robousr/.pyenv/shims/python3 "-u" "/opt/ros/humble/share/ament_cmake_test/cmake/run_test.py" "/home/robousr/Documents/Practicas_ROS2/ros2_ws/build/examples_rclcpp_minimal_timer/test_results/examples_rclcpp_minimal_timer/cpplint.xunit.xml" "--package-name" "examples_rclcpp_minimal_timer" "--output-file" "/home/robousr/Documents/Practicas_ROS2/ros2_ws/build/examples_rclcpp_minimal_timer/ament_cpplint/cpplint.txt" "--command" "/opt/ros/humble/bin/ament_cpplint" "--xunit-file" "/home/robousr/Documents/Practicas_ROS2/ros2_ws/build/examples_rclcpp_minimal_timer/test_results/examples_rclcpp_minimal_timer/cpplint.xunit.xml"</Value>
				</NamedMeasurement>
				<NamedMeasurement type="text/string" name="Environment">
					<Value>#CTEST_RESOURCE_GROUP_COUNT=</Value>
				</NamedMeasurement>
				<Measurement>
					<Value>-- run_test.py: invoking following command in '/home/robousr/Documents/Practicas_ROS2/ros2_ws/src/examples/rclcpp/timers/minimal_timer':
 - /opt/ros/humble/bin/ament_cpplint --xunit-file /home/robousr/Documents/Practicas_ROS2/ros2_ws/build/examples_rclcpp_minimal_timer/test_results/examples_rclcpp_minimal_timer/cpplint.xunit.xml
Using '--root=..' argument

Done processing /home/robousr/Documents/Practicas_ROS2/ros2_ws/src/examples/rclcpp/timers/minimal_timer/lambda.cpp

Done processing /home/robousr/Documents/Practicas_ROS2/ros2_ws/src/examples/rclcpp/timers/minimal_timer/member_function.cpp

No problems found
-- run_test.py: return code 0
-- run_test.py: verify result file '/home/robousr/Documents/Practicas_ROS2/ros2_ws/build/examples_rclcpp_minimal_timer/test_results/examples_rclcpp_minimal_timer/cpplint.xunit.xml'
</Value>
				</Measurement>
			</Results>
			<Labels>
				<Label>cpplint</Label>
				<Label>linter</Label>
			</Labels>
		</Test>
		<Test Status="passed">
			<Name>lint_cmake</Name>
			<Path>.</Path>
			<FullName>./lint_cmake</FullName>
			<FullCommandLine>/home/robousr/.pyenv/shims/python3 "-u" "/opt/ros/humble/share/ament_cmake_test/cmake/run_test.py" "/home/robousr/Documents/Practicas_ROS2/ros2_ws/build/examples_rclcpp_minimal_timer/test_results/examples_rclcpp_minimal_timer/lint_cmake.xunit.xml" "--package-name" "examples_rclcpp_minimal_timer" "--output-file" "/home/robousr/Documents/Practicas_ROS2/ros2_ws/build/examples_rclcpp_minimal_timer/ament_lint_cmake/lint_cmake.txt" "--command" "/opt/ros/humble/bin/ament_lint_cmake" "--xunit-file" "/home/robousr/Documents/Practicas_ROS2/ros2_ws/build/examples_rclcpp_minimal_timer/test_results/examples_rclcpp_minimal_timer/lint_cmake.xunit.xml"</FullCommandLine>
			<Results>
				<NamedMeasurement type="numeric/double" name="Execution Time">
					<Value>0.234645</Value>
				</NamedMeasurement>
				<NamedMeasurement type="numeric/double" name="Processors">
					<Value>1</Value>
				</NamedMeasurement>
				<NamedMeasurement type="text/string" name="Completion Status">
					<Value>Completed</Value>
				</NamedMeasurement>
				<NamedMeasurement type="text/string" name="Command Line">
					<Value>/home/robousr/.pyenv/shims/python3 "-u" "/opt/ros/humble/share/ament_cmake_test/cmake/run_test.py" "/home/robousr/Documents/Practicas_ROS2/ros2_ws/build/examples_rclcpp_minimal_timer/test_results/examples_rclcpp_minimal_timer/lint_cmake.xunit.xml" "--package-name" "examples_rclcpp_minimal_timer" "--output-file" "/home/robousr/Documents/Practicas_ROS2/ros2_ws/build/examples_rclcpp_minimal_timer/ament_lint_cmake/lint_cmake.txt" "--command" "/opt/ros/humble/bin/ament_lint_cmake" "--xunit-file" "/home/robousr/Documents/Practicas_ROS2/ros2_ws/build/examples_rclcpp_minimal_timer/test_results/examples_rclcpp_minimal_timer/lint_cmake.xunit.xml"</Value>
				</NamedMeasurement>
				<NamedMeasurement type="text/string" name="Environment">
					<Value>#CTEST_RESOURCE_GROUP_COUNT=</Value>
				</NamedMeasurement>
				<Measurement>
					<Value>-- run_test.py: invoking following command in '/home/robousr/Documents/Practicas_ROS2/ros2_ws/src/examples/rclcpp/timers/minimal_timer':
 - /opt/ros/humble/bin/ament_lint_cmake --xunit-file /home/robousr/Documents/Practicas_ROS2/ros2_ws/build/examples_rclcpp_minimal_timer/test_results/examples_rclcpp_minimal_timer/lint_cmake.xunit.xml

No problems found
-- run_test.py: return code 0
-- run_test.py: verify result file '/home/robousr/Documents/Practicas_ROS2/ros2_ws/build/examples_rclcpp_minimal_timer/test_results/examples_rclcpp_minimal_timer/lint_cmake.xunit.xml'
</Value>
				</Measurement>
			</Results>
			<Labels>
				<Label>lint_cmake</Label>
				<Label>linter</Label>
			</Labels>
		</Test>
		<Test Status="passed">
			<Name>uncrustify</Name>
			<Path>.</Path>
			<FullName>./uncrustify</FullName>
			<FullCommandLine>/home/robousr/.pyenv/shims/python3 "-u" "/opt/ros/humble/share/ament_cmake_test/cmake/run_test.py" "/home/robousr/Documents/Practicas_ROS2/ros2_ws/build/examples_rclcpp_minimal_timer/test_results/examples_rclcpp_minimal_timer/uncrustify.xunit.xml" "--package-name" "examples_rclcpp_minimal_timer" "--output-file" "/home/robousr/Documents/Practicas_ROS2/ros2_ws/build/examples_rclcpp_minimal_timer/ament_uncrustify/uncrustify.txt" "--command" "/opt/ros/humble/bin/ament_uncrustify" "--xunit-file" "/home/robousr/Documents/Practicas_ROS2/ros2_ws/build/examples_rclcpp_minimal_timer/test_results/examples_rclcpp_minimal_timer/uncrustify.xunit.xml"</FullCommandLine>
			<Results>
				<NamedMeasurement type="numeric/double" name="Execution Time">
					<Value>0.254317</Value>
				</NamedMeasurement>
				<NamedMeasurement type="numeric/double" name="Processors">
					<Value>1</Value>
				</NamedMeasurement>
				<NamedMeasurement type="text/string" name="Completion Status">
					<Value>Completed</Value>
				</NamedMeasurement>
				<NamedMeasurement type="text/string" name="Command Line">
					<Value>/home/robousr/.pyenv/shims/python3 "-u" "/opt/ros/humble/share/ament_cmake_test/cmake/run_test.py" "/home/robousr/Documents/Practicas_ROS2/ros2_ws/build/examples_rclcpp_minimal_timer/test_results/examples_rclcpp_minimal_timer/uncrustify.xunit.xml" "--package-name" "examples_rclcpp_minimal_timer" "--output-file" "/home/robousr/Documents/Practicas_ROS2/ros2_ws/build/examples_rclcpp_minimal_timer/ament_uncrustify/uncrustify.txt" "--command" "/opt/ros/humble/bin/ament_uncrustify" "--xunit-file" "/home/robousr/Documents/Practicas_ROS2/ros2_ws/build/examples_rclcpp_minimal_timer/test_results/examples_rclcpp_minimal_timer/uncrustify.xunit.xml"</Value>
				</NamedMeasurement>
				<NamedMeasurement type="text/string" name="Environment">
					<Value>#CTEST_RESOURCE_GROUP_COUNT=</Value>
				</NamedMeasurement>
				<Measurement>
					<Value>-- run_test.py: invoking following command in '/home/robousr/Documents/Practicas_ROS2/ros2_ws/src/examples/rclcpp/timers/minimal_timer':
 - /opt/ros/humble/bin/ament_uncrustify --xunit-file /home/robousr/Documents/Practicas_ROS2/ros2_ws/build/examples_rclcpp_minimal_timer/test_results/examples_rclcpp_minimal_timer/uncrustify.xunit.xml
No code style divergence in file 'lambda.cpp'

No code style divergence in file 'member_function.cpp'

No problems found
-- run_test.py: return code 0
-- run_test.py: verify result file '/home/robousr/Documents/Practicas_ROS2/ros2_ws/build/examples_rclcpp_minimal_timer/test_results/examples_rclcpp_minimal_timer/uncrustify.xunit.xml'
</Value>
				</Measurement>
			</Results>
			<Labels>
				<Label>linter</Label>
				<Label>uncrustify</Label>
			</Labels>
		</Test>
		<Test Status="passed">
			<Name>xmllint</Name>
			<Path>.</Path>
			<FullName>./xmllint</FullName>
			<FullCommandLine>/home/robousr/.pyenv/shims/python3 "-u" "/opt/ros/humble/share/ament_cmake_test/cmake/run_test.py" "/home/robousr/Documents/Practicas_ROS2/ros2_ws/build/examples_rclcpp_minimal_timer/test_results/examples_rclcpp_minimal_timer/xmllint.xunit.xml" "--package-name" "examples_rclcpp_minimal_timer" "--output-file" "/home/robousr/Documents/Practicas_ROS2/ros2_ws/build/examples_rclcpp_minimal_timer/ament_xmllint/xmllint.txt" "--command" "/opt/ros/humble/bin/ament_xmllint" "--xunit-file" "/home/robousr/Documents/Practicas_ROS2/ros2_ws/build/examples_rclcpp_minimal_timer/test_results/examples_rclcpp_minimal_timer/xmllint.xunit.xml"</FullCommandLine>
			<Results>
				<NamedMeasurement type="numeric/double" name="Execution Time">
					<Value>0.389755</Value>
				</NamedMeasurement>
				<NamedMeasurement type="numeric/double" name="Processors">
					<Value>1</Value>
				</NamedMeasurement>
				<NamedMeasurement type="text/string" name="Completion Status">
					<Value>Completed</Value>
				</NamedMeasurement>
				<NamedMeasurement type="text/string" name="Command Line">
					<Value>/home/robousr/.pyenv/shims/python3 "-u" "/opt/ros/humble/share/ament_cmake_test/cmake/run_test.py" "/home/robousr/Documents/Practicas_ROS2/ros2_ws/build/examples_rclcpp_minimal_timer/test_results/examples_rclcpp_minimal_timer/xmllint.xunit.xml" "--package-name" "examples_rclcpp_minimal_timer" "--output-file" "/home/robousr/Documents/Practicas_ROS2/ros2_ws/build/examples_rclcpp_minimal_timer/ament_xmllint/xmllint.txt" "--command" "/opt/ros/humble/bin/ament_xmllint" "--xunit-file" "/home/robousr/Documents/Practicas_ROS2/ros2_ws/build/examples_rclcpp_minimal_timer/test_results/examples_rclcpp_minimal_timer/xmllint.xunit.xml"</Value>
				</NamedMeasurement>
				<NamedMeasurement type="text/string" name="Environment">
					<Value>#CTEST_RESOURCE_GROUP_COUNT=</Value>
				</NamedMeasurement>
				<Measurement>
					<Value>-- run_test.py: invoking following command in '/home/robousr/Documents/Practicas_ROS2/ros2_ws/src/examples/rclcpp/timers/minimal_timer':
 - /opt/ros/humble/bin/ament_xmllint --xunit-file /home/robousr/Documents/Practicas_ROS2/ros2_ws/build/examples_rclcpp_minimal_timer/test_results/examples_rclcpp_minimal_timer/xmllint.xunit.xml
File 'package.xml' is valid

No problems found
-- run_test.py: return code 0
-- run_test.py: verify result file '/home/robousr/Documents/Practicas_ROS2/ros2_ws/build/examples_rclcpp_minimal_timer/test_results/examples_rclcpp_minimal_timer/xmllint.xunit.xml'
</Value>
				</Measurement>
			</Results>
			<Labels>
				<Label>linter</Label>
				<Label>xmllint</Label>
			</Labels>
		</Test>
		<EndDateTime>Jun 10 14:54 CST</EndDateTime>
		<EndTestTime>1749588880</EndTestTime>
		<ElapsedMinutes>0</ElapsedMinutes>
	</Testing>
</Site>
