[0.028s] Invoking command in '/home/robousr/Documents/Practicas_ROS2/ros2_ws/build/examples_rclcpp_minimal_subscriber': CMAKE_PREFIX_PATH=/opt/ros/humble /usr/bin/cmake /home/robousr/Documents/Practicas_ROS2/ros2_ws/src/examples/rclcpp/topics/minimal_subscriber -DAMENT_CMAKE_SYMLINK_INSTALL=1 -DCMAKE_INSTALL_PREFIX=/home/robousr/Documents/Practicas_ROS2/ros2_ws/install/examples_rclcpp_minimal_subscriber
[0.187s] -- The C compiler identification is GNU 11.4.0
[0.343s] -- The CXX compiler identification is GNU 11.4.0
[0.363s] -- Detecting C compiler ABI info
[0.568s] -- Detecting C compiler ABI info - done
[0.586s] -- Check for working C compiler: /usr/bin/cc - skipped
[0.587s] -- Detecting C compile features
[0.589s] -- Detecting C compile features - done
[0.596s] -- Detecting CXX compiler ABI info
[0.843s] -- Detecting CXX compiler ABI info - done
[0.865s] -- Check for working CXX compiler: /usr/bin/c++ - skipped
[0.866s] -- Detecting CXX compile features
[0.868s] -- Detecting CXX compile features - done
[0.877s] -- Found ament_cmake: 1.3.11 (/opt/ros/humble/share/ament_cmake/cmake)
[2.138s] -- Found Python3: /home/robousr/.pyenv/shims/python3 (found version "3.10.12") found components: Interpreter 
[2.447s] -- Override CMake install command with custom implementation using symlinks instead of copying resources
[2.574s] -- Found rclcpp: 16.0.12 (/opt/ros/humble/share/rclcpp/cmake)
[2.803s] -- Found rosidl_generator_c: 3.1.6 (/opt/ros/humble/share/rosidl_generator_c/cmake)
[2.823s] -- Found rosidl_adapter: 3.1.6 (/opt/ros/humble/share/rosidl_adapter/cmake)
[2.863s] -- Found rosidl_generator_cpp: 3.1.6 (/opt/ros/humble/share/rosidl_generator_cpp/cmake)
[2.932s] -- Using all available rosidl_typesupport_c: rosidl_typesupport_fastrtps_c;rosidl_typesupport_introspection_c
[3.037s] -- Using all available rosidl_typesupport_cpp: rosidl_typesupport_fastrtps_cpp;rosidl_typesupport_introspection_cpp
[3.230s] -- Found rmw_implementation_cmake: 6.1.2 (/opt/ros/humble/share/rmw_implementation_cmake/cmake)
[3.238s] -- Found rmw_fastrtps_cpp: 6.2.7 (/opt/ros/humble/share/rmw_fastrtps_cpp/cmake)
[3.517s] -- Found OpenSSL: /usr/lib/x86_64-linux-gnu/libcrypto.so (found version "3.0.2")  
[3.602s] -- Found FastRTPS: /opt/ros/humble/include  
[3.715s] -- Using RMW implementation 'rmw_fastrtps_cpp' as default
[3.743s] -- Looking for pthread.h
[3.972s] -- Looking for pthread.h - found
[3.975s] -- Performing Test CMAKE_HAVE_LIBC_PTHREAD
[4.196s] -- Performing Test CMAKE_HAVE_LIBC_PTHREAD - Success
[4.200s] -- Found Threads: TRUE  
[4.340s] -- Found rclcpp_components: 16.0.12 (/opt/ros/humble/share/rclcpp_components/cmake)
[4.444s] -- Found ament_lint_auto: 0.12.12 (/opt/ros/humble/share/ament_lint_auto/cmake)
[4.817s] -- Added test 'copyright' to check source files copyright and LICENSE
[4.821s] -- Added test 'cppcheck' to perform static code analysis on C / C++ code
[4.823s] -- Configured cppcheck include dirs: 
[4.823s] -- Configured cppcheck exclude dirs and/or files: 
[4.825s] -- Added test 'cpplint' to check C / C++ code against the Google style
[4.826s] -- Configured cpplint exclude dirs and/or files: 
[4.828s] -- Added test 'lint_cmake' to check CMake code style
[4.832s] -- Added test 'uncrustify' to check C / C++ code style
[4.832s] -- Configured uncrustify additional arguments: 
[4.833s] -- Added test 'xmllint' to check XML markup files
[4.837s] -- Configuring done
[4.935s] -- Generating done
[4.969s] -- Build files have been written to: /home/robousr/Documents/Practicas_ROS2/ros2_ws/build/examples_rclcpp_minimal_subscriber
[4.993s] Invoked command in '/home/robousr/Documents/Practicas_ROS2/ros2_ws/build/examples_rclcpp_minimal_subscriber' returned '0': CMAKE_PREFIX_PATH=/opt/ros/humble /usr/bin/cmake /home/robousr/Documents/Practicas_ROS2/ros2_ws/src/examples/rclcpp/topics/minimal_subscriber -DAMENT_CMAKE_SYMLINK_INSTALL=1 -DCMAKE_INSTALL_PREFIX=/home/robousr/Documents/Practicas_ROS2/ros2_ws/install/examples_rclcpp_minimal_subscriber
[4.998s] Invoking command in '/home/robousr/Documents/Practicas_ROS2/ros2_ws/build/examples_rclcpp_minimal_subscriber': CMAKE_PREFIX_PATH=/opt/ros/humble /usr/bin/cmake --build /home/robousr/Documents/Practicas_ROS2/ros2_ws/build/examples_rclcpp_minimal_subscriber -- -j2 -l2
[5.171s] [  4%] [32mBuilding CXX object CMakeFiles/subscriber_lambda.dir/lambda.cpp.o[0m
[26.319s] [  8%] [32m[1mLinking CXX executable subscriber_lambda[0m
[27.146s] [  8%] Built target subscriber_lambda
[27.215s] [ 12%] [32mBuilding CXX object CMakeFiles/subscriber_member_function.dir/member_function.cpp.o[0m
[47.790s] [ 16%] [32m[1mLinking CXX executable subscriber_member_function[0m
[48.627s] [ 16%] Built target subscriber_member_function
[48.694s] [ 20%] [32mBuilding CXX object CMakeFiles/subscriber_member_function_with_topic_statistics.dir/member_function_with_topic_statistics.cpp.o[0m
[70.514s] [ 25%] [32m[1mLinking CXX executable subscriber_member_function_with_topic_statistics[0m
[71.276s] [ 25%] Built target subscriber_member_function_with_topic_statistics
[71.345s] [ 29%] [32mBuilding CXX object CMakeFiles/subscriber_member_function_with_type_adapter.dir/member_function_with_type_adapter.cpp.o[0m
[93.892s] [ 33%] [32m[1mLinking CXX executable subscriber_member_function_with_type_adapter[0m
[94.867s] [ 33%] Built target subscriber_member_function_with_type_adapter
[94.943s] [ 37%] [32mBuilding CXX object CMakeFiles/subscriber_member_function_with_unique_network_flow_endpoints.dir/member_function_with_unique_network_flow_endpoints.cpp.o[0m
[114.926s] [ 41%] [32m[1mLinking CXX executable subscriber_member_function_with_unique_network_flow_endpoints[0m
[115.689s] [ 41%] Built target subscriber_member_function_with_unique_network_flow_endpoints
[115.750s] [ 45%] [32mBuilding CXX object CMakeFiles/subscriber_not_composable.dir/not_composable.cpp.o[0m
[119.917s] gmake[2]: *** [CMakeFiles/subscriber_not_composable.dir/build.make:76: CMakeFiles/subscriber_not_composable.dir/not_composable.cpp.o] Interrupt
[119.924s] gmake[1]: *** [CMakeFiles/Makefile2:287: CMakeFiles/subscriber_not_composable.dir/all] Interrupt
[119.924s] gmake: *** [Makefile:146: all] Interrupt
