<?xml version="1.0" encoding="utf-8"?><testsuites><testsuite name="pytest" errors="0" failures="0" skipped="0" tests="3" time="0.931" timestamp="2025-06-10T14:54:46.291291" hostname="robolab-vm"><testcase classname="examples_rclpy_minimal_action_server.actions.minimal_action_server.test.test_copyright" name="test_copyright" time="0.499" /><testcase classname="examples_rclpy_minimal_action_server.actions.minimal_action_server.test.test_flake8" name="test_flake8" time="0.277" /><testcase classname="examples_rclpy_minimal_action_server.actions.minimal_action_server.test.test_pep257" name="test_pep257" time="0.070" /></testsuite></testsuites>